****                   ADMIXTURE Version 1.3.0                  ****
****                    Copyright 2008-2015                     ****
****           David Alexander, Suyash Shringarpure,            ****
****                John  Novembre, Ken Lange                   ****
****                                                            ****
****                 Please cite our paper!                     ****
****   Information at www.genetics.ucla.edu/software/admixture  ****

Parallel execution requested.  Will use 25 threads.
Random seed: 1
Point estimation method: Block relaxation algorithm
Convergence acceleration algorithm: QuasiNewton, 3 secant conditions
Point estimation will terminate when objective function delta < 0.0001
Estimation of standard errors disabled; will compute point estimates only.
Size of G: 2656x162645
Performing five EM steps to prime main algorithm
1 (EM) 	Elapsed: 119.685	Loglikelihood: -4.46232e+08	(delta): 1.92811e+08
2 (EM) 	Elapsed: 121.75	Loglikelihood: -4.35355e+08	(delta): 1.08768e+07
3 (EM) 	Elapsed: 121.375	Loglikelihood: -4.32974e+08	(delta): 2.38125e+06
4 (EM) 	Elapsed: 120.834	Loglikelihood: -4.31583e+08	(delta): 1.39093e+06
5 (EM) 	Elapsed: 121.551	Loglikelihood: -4.30548e+08	(delta): 1.03488e+06
Initial loglikelihood: -4.30548e+08
Starting main algorithm
1 (QN/Block) 	Elapsed: 199.603	Loglikelihood: -4.03612e+08	(delta): 2.6936e+07
2 (QN/Block) 	Elapsed: 204.473	Loglikelihood: -3.97325e+08	(delta): 6.28741e+06
3 (QN/Block) 	Elapsed: 201.823	Loglikelihood: -3.94716e+08	(delta): 2.60924e+06
4 (QN/Block) 	Elapsed: 202.557	Loglikelihood: -3.93776e+08	(delta): 939515
5 (QN/Block) 	Elapsed: 202.619	Loglikelihood: -3.93588e+08	(delta): 188098
6 (QN/Block) 	Elapsed: 206.633	Loglikelihood: -3.93479e+08	(delta): 108822
7 (QN/Block) 	Elapsed: 203.767	Loglikelihood: -3.93344e+08	(delta): 134940
8 (QN/Block) 	Elapsed: 205.228	Loglikelihood: -3.93257e+08	(delta): 86975.8
9 (QN/Block) 	Elapsed: 201.3	Loglikelihood: -3.93222e+08	(delta): 34917.5
10 (QN/Block) 	Elapsed: 201.601	Loglikelihood: -3.93185e+08	(delta): 37451.6
11 (QN/Block) 	Elapsed: 201.61	Loglikelihood: -3.93152e+08	(delta): 32765.2
12 (QN/Block) 	Elapsed: 204.326	Loglikelihood: -3.93137e+08	(delta): 15506.4
13 (QN/Block) 	Elapsed: 207.06	Loglikelihood: -3.93128e+08	(delta): 8645.11
14 (QN/Block) 	Elapsed: 203.527	Loglikelihood: -3.93124e+08	(delta): 4336.7
15 (QN/Block) 	Elapsed: 203.136	Loglikelihood: -3.9312e+08	(delta): 3419.19
16 (QN/Block) 	Elapsed: 204.746	Loglikelihood: -3.93118e+08	(delta): 2578.37
17 (QN/Block) 	Elapsed: 202.49	Loglikelihood: -3.93116e+08	(delta): 2006.61
18 (QN/Block) 	Elapsed: 202.629	Loglikelihood: -3.93114e+08	(delta): 1379.94
19 (QN/Block) 	Elapsed: 202.93	Loglikelihood: -3.93109e+08	(delta): 4907.58
20 (QN/Block) 	Elapsed: 203.158	Loglikelihood: -3.93107e+08	(delta): 2457.47
21 (QN/Block) 	Elapsed: 201.97	Loglikelihood: -3.93104e+08	(delta): 2928.55
22 (QN/Block) 	Elapsed: 200.206	Loglikelihood: -3.93103e+08	(delta): 1318
23 (QN/Block) 	Elapsed: 200.661	Loglikelihood: -3.93101e+08	(delta): 1487.74
24 (QN/Block) 	Elapsed: 205.735	Loglikelihood: -3.931e+08	(delta): 1118.72
25 (QN/Block) 	Elapsed: 201.27	Loglikelihood: -3.93099e+08	(delta): 720.272
26 (QN/Block) 	Elapsed: 205.957	Loglikelihood: -3.93098e+08	(delta): 774.919
27 (QN/Block) 	Elapsed: 201.725	Loglikelihood: -3.93098e+08	(delta): 188.421
28 (QN/Block) 	Elapsed: 204.242	Loglikelihood: -3.93098e+08	(delta): 42.8836
29 (QN/Block) 	Elapsed: 203.92	Loglikelihood: -3.93098e+08	(delta): 19.0795
30 (QN/Block) 	Elapsed: 202.627	Loglikelihood: -3.93098e+08	(delta): 4.98452
31 (QN/Block) 	Elapsed: 202.245	Loglikelihood: -3.93098e+08	(delta): 1.87599
32 (QN/Block) 	Elapsed: 205.408	Loglikelihood: -3.93098e+08	(delta): 0.164134
33 (QN/Block) 	Elapsed: 203.232	Loglikelihood: -3.93098e+08	(delta): 0.156317
34 (QN/Block) 	Elapsed: 204.966	Loglikelihood: -3.93098e+08	(delta): 0.0154707
35 (QN/Block) 	Elapsed: 203.422	Loglikelihood: -3.93098e+08	(delta): 0.00614327
36 (QN/Block) 	Elapsed: 204.4	Loglikelihood: -3.93098e+08	(delta): 0.00122756
37 (QN/Block) 	Elapsed: 202.135	Loglikelihood: -3.93098e+08	(delta): 0.000310242
38 (QN/Block) 	Elapsed: 206.174	Loglikelihood: -3.93098e+08	(delta): 0.000150681
39 (QN/Block) 	Elapsed: 203.908	Loglikelihood: -3.93098e+08	(delta): 2.71797e-05
Summary: 
Converged in 39 iterations (8563.93 sec)
Loglikelihood: -393098222.265132
Fst divergences between estimated populations: 
	Pop0	Pop1	Pop2	Pop3	Pop4	Pop5	
Pop0	
Pop1	0.208	
Pop2	0.162	0.159	
Pop3	0.169	0.133	0.106	
Pop4	0.164	0.162	0.033	0.108	
Pop5	0.153	0.125	0.087	0.041	0.090	
Pop6	0.217	0.201	0.117	0.142	0.111	0.130	
Writing output files.
